----------------------------------------------------------------
Mon Mar 25 16:31:39 CET 2019:
Booting Derby version The Apache Software Foundation - Apache Derby - 10.14.1.0 - (1808820): instance a816c00e-0169-b57a-85f5-000006139688 
on database directory C:\xxx\skola\java_projekt\pv168_transylvanie\guestmgr-test with class loader sun.misc.Launcher$AppClassLoader@232204a1 
Loaded from file:/C:/Users/Lydie/.m2/repository/org/apache/derby/derby/10.14.1.0/derby-10.14.1.0.jar
java.vendor=Oracle Corporation
java.runtime.version=1.8.0_152-b16
user.dir=C:\xxx\skola\java_projekt\pv168_transylvanie
os.name=Windows 10
os.arch=amd64
os.version=10.0
derby.system.home=null
Database Class Loader started - derby.database.classpath=''
----------------------------------------------------------------
Mon Mar 25 16:31:40 CET 2019:
Booting Derby version The Apache Software Foundation - Apache Derby - 10.14.1.0 - (1808820): instance 601a400f-0169-b57a-85f5-000006139688 
on database directory memory:C:\xxx\skola\java_projekt\pv168_transylvanie\gravemgr-test with class loader sun.misc.Launcher$AppClassLoader@232204a1 
Loaded from file:/C:/Users/Lydie/.m2/repository/org/apache/derby/derby/10.14.1.0/derby-10.14.1.0.jar
java.vendor=Oracle Corporation
java.runtime.version=1.8.0_152-b16
user.dir=C:\xxx\skola\java_projekt\pv168_transylvanie
os.name=Windows 10
os.arch=amd64
os.version=10.0
derby.system.home=null
Database Class Loader started - derby.database.classpath=''
